<?xml version="1.0" encoding="UTF-8"?>
<!-- Generated by org.testng.reporters.JUnitReportReporter -->
<testsuite skipped="0" hostname="DESKTOP-4FMUS56" name="com.inetbanking.testCases.TC_LoginTest_001" tests="1" failures="0" timestamp="2020-04-06T15:21:26 IST" time="5.472" errors="0">
  <testcase name="logintest" time="5.472" classname="com.inetbanking.testCases.TC_LoginTest_001"/>
  <system-out/>
</testsuite> <!-- com.inetbanking.testCases.TC_LoginTest_001 -->
